Arguments: 
  C:\Dev Tools\nodejs\node.exe C:\Users\CKM\AppData\Roaming\npm\node_modules\yarn\bin\yarn.js add @fontawesome/fontawesome-free

PATH: 
  C:\Python39\Scripts\;C:\Python39\;C:\Program Files\AdoptOpenJDK\jre-8.0.275.1-hotspot\bin;C:\Program Files\Common Files\Oracle\Java\javapath;C:\Program Files (x86)\Intel\iCLS Client\;C:\Program Files\Intel\iCLS Client\;C:\WINDOWS\system32;C:\WINDOWS;C:\WINDOWS\System32\Wbem;C:\WINDOWS\System32\WindowsPowerShell\v1.0\;C:\WINDOWS\System32\OpenSSH\;C:\Program Files (x86)\Intel\Intel(R) Management Engine Components\DAL;C:\Program Files\Intel\Intel(R) Management Engine Components\DAL;C:\Program Files (x86)\Intel\Intel(R) Management Engine Components\IPT;C:\Program Files\Intel\Intel(R) Management Engine Components\IPT;C:\Program Files (x86)\NVIDIA Corporation\PhysX\Common;C:\Program Files\Microsoft SQL Server\130\Tools\Binn\;C:\Program Files\NVIDIA Corporation\NVIDIA NvDLISR;C:\WINDOWS\system32;C:\WINDOWS;C:\WINDOWS\System32\Wbem;C:\WINDOWS\System32\WindowsPowerShell\v1.0\;C:\WINDOWS\System32\OpenSSH\;C:\Program Files\Microsoft SQL Server\Client SDK\ODBC\170\Tools\Binn\;C:\Program Files\Java\jdk-15.0.1\bin;C:\Program Files\dotnet\;C:\Program Files\Git\cmd;C:\Program Files\Git\mingw64\bin;C:\Program Files\Git\usr\bin;C:\Dev Tools\nodejs\;C:\ProgramData\chocolatey\bin;C:\Users\CKM\AppData\Local\Microsoft\WindowsApps;C:\DevTools\Microsoft VS Code\bin;C:\DevTools\mingw-w64\i686-8.1.0-posix-dwarf-rt_v6-rev0\mingw32\bin;;C:\DevTools\JetBrains\IntelliJ IDEA Community Edition 2020.2.3\bin;;C:\Users\CKM\.dotnet\tools;C:\Users\CKM\AppData\Roaming\npm

Yarn version: 
  1.22.10

Node version: 
  15.5.1

Platform: 
  win32 x64

Trace: 
  Error: https://registry.yarnpkg.com/@fontawesome%2ffontawesome-free: Not found
      at Request.params.callback [as _callback] (C:\Users\CKM\AppData\Roaming\npm\node_modules\yarn\lib\cli.js:66988:18)
      at Request.self.callback (C:\Users\CKM\AppData\Roaming\npm\node_modules\yarn\lib\cli.js:140662:22)
      at Request.emit (node:events:376:20)
      at Request.<anonymous> (C:\Users\CKM\AppData\Roaming\npm\node_modules\yarn\lib\cli.js:141634:10)
      at Request.emit (node:events:376:20)
      at IncomingMessage.<anonymous> (C:\Users\CKM\AppData\Roaming\npm\node_modules\yarn\lib\cli.js:141556:12)
      at Object.onceWrapper (node:events:482:28)
      at IncomingMessage.emit (node:events:388:22)
      at endReadableNT (node:internal/streams/readable:1305:12)
      at processTicksAndRejections (node:internal/process/task_queues:80:21)

npm manifest: 
  {
    "name": "webd6201-w2021-ice1",
    "version": "0.0.1",
    "description": "A demo website created as an exercise for webd6201",
    "main": "app.js",
    "repository": "https://github.com/CKM206/WEBD6201-W2021---ICE1.git",
    "author": "Calvin May <calvinkylemay@gmail.com>",
    "license": "MIT",
    "dependencies": {
      "@popperjs/core": "^2.6.0",
      "bootstrap": "^5.0.0-beta1",
      "jquery": "^3.5.1"
    }
  }

yarn manifest: 
  No manifest

Lockfile: 
  # THIS IS AN AUTOGENERATED FILE. DO NOT EDIT THIS FILE DIRECTLY.
  # yarn lockfile v1
  
  
  "@popperjs/core@^2.6.0":
    version "2.6.0"
    resolved "https://registry.yarnpkg.com/@popperjs/core/-/core-2.6.0.tgz#f022195afdfc942e088ee2101285a1d31c7d727f"
    integrity sha512-cPqjjzuFWNK3BSKLm0abspP0sp/IGOli4p5I5fKFAzdS8fvjdOwDCfZqAaIiXd9lPkOWi3SUUfZof3hEb7J/uw==
  
  bootstrap@^5.0.0-beta1:
    version "5.0.0-beta1"
    resolved "https://registry.yarnpkg.com/bootstrap/-/bootstrap-5.0.0-beta1.tgz#18135001a452b3ec38b344ac638a1f9549285ee7"
    integrity sha512-UrHApw/WRmT7l2rlDdn5iXr7Jps/LlMZtJlLn9G41aGDfss48hyDeYyHtX1C6NHKVcmdUarGG+ve0LZB5iHyTQ==
  
  jquery@^3.5.1:
    version "3.5.1"
    resolved "https://registry.yarnpkg.com/jquery/-/jquery-3.5.1.tgz#d7b4d08e1bfdb86ad2f1a3d039ea17304717abb5"
    integrity sha512-XwIBPqcMn57FxfT+Go5pzySnm4KWkT1Tv7gjrpT1srtf8Weynl6R273VJ5GjkRb51IzMp5nbaPjJXMWeju2MKg==
